0 info it worked if it ends with ok
1 verbose cli [ '/Users/zkgrow/.nvm/versions/node/v6.11.3/bin/node',
1 verbose cli   '/Users/zkgrow/.nvm/versions/node/v6.11.3/bin/npm',
1 verbose cli   'run',
1 verbose cli   'deploy' ]
2 info using npm@3.10.10
3 info using node@v6.11.3
4 verbose run-script [ 'predeploy', 'deploy', 'postdeploy' ]
5 info lifecycle deployment@1.0.0~predeploy: deployment@1.0.0
6 silly lifecycle deployment@1.0.0~predeploy: no script for predeploy, continuing
7 info lifecycle deployment@1.0.0~deploy: deployment@1.0.0
8 verbose lifecycle deployment@1.0.0~deploy: unsafe-perm in lifecycle true
9 verbose lifecycle deployment@1.0.0~deploy: PATH: /Users/zkgrow/.nvm/versions/node/v6.11.3/lib/node_modules/npm/bin/node-gyp-bin:/Users/zkgrow/dev/assignments/exercises/deployment/node_modules/.bin:/Library/Frameworks/Python.framework/Versions/2.7/bin:/Library/Frameworks/Python.framework/Versions/3.5/bin:/Users/zkgrow/.nvm/versions/node/v6.11.3/bin:/usr/local/bin:/usr/bin:/bin:/usr/sbin:/sbin:/opt/X11/bin:/Library/Frameworks/Python.framework/Versions/2.7/bin:/Library/Frameworks/Python.framework/Versions/3.5/bin
10 verbose lifecycle deployment@1.0.0~deploy: CWD: /Users/zkgrow/dev/assignments/exercises/deployment
11 silly lifecycle deployment@1.0.0~deploy: Args: [ '-c', 'now' ]
12 silly lifecycle deployment@1.0.0~deploy: Returned: code: 1  signal: null
13 info lifecycle deployment@1.0.0~deploy: Failed to exec deploy script
14 verbose stack Error: deployment@1.0.0 deploy: `now`
14 verbose stack Exit status 1
14 verbose stack     at EventEmitter.<anonymous> (/Users/zkgrow/.nvm/versions/node/v6.11.3/lib/node_modules/npm/lib/utils/lifecycle.js:255:16)
14 verbose stack     at emitTwo (events.js:106:13)
14 verbose stack     at EventEmitter.emit (events.js:191:7)
14 verbose stack     at ChildProcess.<anonymous> (/Users/zkgrow/.nvm/versions/node/v6.11.3/lib/node_modules/npm/lib/utils/spawn.js:40:14)
14 verbose stack     at emitTwo (events.js:106:13)
14 verbose stack     at ChildProcess.emit (events.js:191:7)
14 verbose stack     at maybeClose (internal/child_process.js:920:16)
14 verbose stack     at Process.ChildProcess._handle.onexit (internal/child_process.js:230:5)
15 verbose pkgid deployment@1.0.0
16 verbose cwd /Users/zkgrow/dev/assignments/exercises/deployment
17 error Darwin 16.7.0
18 error argv "/Users/zkgrow/.nvm/versions/node/v6.11.3/bin/node" "/Users/zkgrow/.nvm/versions/node/v6.11.3/bin/npm" "run" "deploy"
19 error node v6.11.3
20 error npm  v3.10.10
21 error code ELIFECYCLE
22 error deployment@1.0.0 deploy: `now`
22 error Exit status 1
23 error Failed at the deployment@1.0.0 deploy script 'now'.
23 error Make sure you have the latest version of node.js and npm installed.
23 error If you do, this is most likely a problem with the deployment package,
23 error not with npm itself.
23 error Tell the author that this fails on your system:
23 error     now
23 error You can get information on how to open an issue for this project with:
23 error     npm bugs deployment
23 error Or if that isn't available, you can get their info via:
23 error     npm owner ls deployment
23 error There is likely additional logging output above.
24 verbose exit [ 1, true ]
